Library/Bee/Android/Prj/IL2CPP/Gradle/launcher/build/intermediates/manifest_merge_blame_file/release/manifest-merger-blame-release-report.txt
1<?xml version="1.0" encoding="utf-8"?>
2<manifest xmlns:android="http://schemas.android.com/apk/res/android"
3    package="com.greenhatgaming.sigil"
4    android:installLocation="preferExternal"
5    android:versionCode="18"
6    android:versionName="2.0.0" >
7
8    <uses-sdk
9        android:minSdkVersion="22"
9-->src/main/AndroidManifest.xml
10        android:targetSdkVersion="33" />
10-->src/main/AndroidManifest.xml
11
12    <supports-screens
12-->src/main/AndroidManifest.xml:3:3-163
13        android:anyDensity="true"
13-->src/main/AndroidManifest.xml:3:135-160
14        android:largeScreens="true"
14-->src/main/AndroidManifest.xml:3:78-105
15        android:normalScreens="true"
15-->src/main/AndroidManifest.xml:3:49-77
16        android:smallScreens="true"
16-->src/main/AndroidManifest.xml:3:21-48
17        android:xlargeScreens="true" />
17-->src/main/AndroidManifest.xml:3:106-134
18
19    <uses-feature android:glEsVersion="0x00020000" />
19-->[:unityLibrary] AndroidManifest.xml:12:5-54
19-->[:unityLibrary] AndroidManifest.xml:12:19-51
20
21    <uses-permission android:name="android.permission.INTERNET" />
21-->[:unityLibrary] AndroidManifest.xml:14:5-67
21-->[:unityLibrary] AndroidManifest.xml:14:22-64
22    <uses-permission android:name="android.permission.VIBRATE" />
22-->[:unityLibrary] AndroidManifest.xml:15:5-66
22-->[:unityLibrary] AndroidManifest.xml:15:22-63
23
24    <uses-feature
24-->[:unityLibrary] AndroidManifest.xml:17:5-19:36
25        android:name="android.hardware.touchscreen"
25-->[:unityLibrary] AndroidManifest.xml:18:9-52
26        android:required="false" />
26-->[:unityLibrary] AndroidManifest.xml:19:9-33
27    <uses-feature
27-->[:unityLibrary] AndroidManifest.xml:20:5-22:36
28        android:name="android.hardware.touchscreen.multitouch"
28-->[:unityLibrary] AndroidManifest.xml:21:9-63
29        android:required="false" />
29-->[:unityLibrary] AndroidManifest.xml:22:9-33
30    <uses-feature
30-->[:unityLibrary] AndroidManifest.xml:23:5-25:36
31        android:name="android.hardware.touchscreen.multitouch.distinct"
31-->[:unityLibrary] AndroidManifest.xml:24:9-72
32        android:required="false" />
32-->[:unityLibrary] AndroidManifest.xml:25:9-33
33
34    <application
34-->src/main/AndroidManifest.xml:4:3-121
35        android:banner="@drawable/app_banner"
35-->src/main/AndroidManifest.xml:4:81-118
36        android:extractNativeLibs="true"
36-->[:unityLibrary] AndroidManifest.xml:28:9-41
37        android:icon="@mipmap/app_icon"
37-->src/main/AndroidManifest.xml:4:49-80
38        android:isGame="true"
38-->[:unityLibrary] AndroidManifest.xml:29:9-30
39        android:label="@string/app_name" >
39-->src/main/AndroidManifest.xml:4:16-48
40        <activity
40-->[:unityLibrary] AndroidManifest.xml:30:9-52:20
41            android:name="com.unity3d.player.UnityPlayerActivity"
41-->[:unityLibrary] AndroidManifest.xml:31:13-66
42            android:configChanges="mcc|mnc|locale|touchscreen|keyboard|keyboardHidden|navigation|orientation|screenLayout|uiMode|screenSize|smallestScreenSize|fontScale|layoutDirection|density"
42-->[:unityLibrary] AndroidManifest.xml:32:13-194
43            android:exported="true"
43-->[:unityLibrary] AndroidManifest.xml:33:13-36
44            android:hardwareAccelerated="false"
44-->[:unityLibrary] AndroidManifest.xml:34:13-48
45            android:launchMode="singleTask"
45-->[:unityLibrary] AndroidManifest.xml:35:13-44
46            android:resizeableActivity="false"
46-->[:unityLibrary] AndroidManifest.xml:36:13-47
47            android:screenOrientation="sensorPortrait"
47-->[:unityLibrary] AndroidManifest.xml:37:13-55
48            android:theme="@style/UnityThemeSelector" >
48-->[:unityLibrary] AndroidManifest.xml:38:13-54
49            <intent-filter>
49-->[:unityLibrary] AndroidManifest.xml:39:13-44:29
50                <action android:name="android.intent.action.MAIN" />
50-->[:unityLibrary] AndroidManifest.xml:40:17-69
50-->[:unityLibrary] AndroidManifest.xml:40:25-66
51
52                <category android:name="android.intent.category.LAUNCHER" />
52-->[:unityLibrary] AndroidManifest.xml:42:17-77
52-->[:unityLibrary] AndroidManifest.xml:42:27-74
53                <category android:name="android.intent.category.LEANBACK_LAUNCHER" />
53-->[:unityLibrary] AndroidManifest.xml:43:17-86
53-->[:unityLibrary] AndroidManifest.xml:43:27-83
54            </intent-filter>
55
56            <meta-data
56-->[:unityLibrary] AndroidManifest.xml:46:13-48:40
57                android:name="unityplayer.UnityActivity"
57-->[:unityLibrary] AndroidManifest.xml:47:17-57
58                android:value="true" />
58-->[:unityLibrary] AndroidManifest.xml:48:17-37
59            <meta-data
59-->[:unityLibrary] AndroidManifest.xml:49:13-51:40
60                android:name="android.notch_support"
60-->[:unityLibrary] AndroidManifest.xml:50:17-53
61                android:value="true" />
61-->[:unityLibrary] AndroidManifest.xml:51:17-37
62        </activity>
63
64        <meta-data
64-->[:unityLibrary] AndroidManifest.xml:54:9-56:33
65            android:name="unity.splash-mode"
65-->[:unityLibrary] AndroidManifest.xml:55:13-45
66            android:value="0" />
66-->[:unityLibrary] AndroidManifest.xml:56:13-30
67        <meta-data
67-->[:unityLibrary] AndroidManifest.xml:57:9-59:36
68            android:name="unity.splash-enable"
68-->[:unityLibrary] AndroidManifest.xml:58:13-47
69            android:value="True" />
69-->[:unityLibrary] AndroidManifest.xml:59:13-33
70        <meta-data
70-->[:unityLibrary] AndroidManifest.xml:60:9-62:36
71            android:name="unity.launch-fullscreen"
71-->[:unityLibrary] AndroidManifest.xml:61:13-51
72            android:value="True" />
72-->[:unityLibrary] AndroidManifest.xml:62:13-33
73        <meta-data
73-->[:unityLibrary] AndroidManifest.xml:63:9-65:37
74            android:name="unity.allow-resizable-window"
74-->[:unityLibrary] AndroidManifest.xml:64:13-56
75            android:value="False" />
75-->[:unityLibrary] AndroidManifest.xml:65:13-34
76        <meta-data
76-->[:unityLibrary] AndroidManifest.xml:66:9-68:50
77            android:name="notch.config"
77-->[:unityLibrary] AndroidManifest.xml:67:13-40
78            android:value="portrait|landscape" />
78-->[:unityLibrary] AndroidManifest.xml:68:13-47
79    </application>
80
81</manifest>